2017-09-22 15:21:16,369 INFO [Log] ************************************************************************** 
2017-09-22 15:21:16,369 INFO [Log] $$$$$$$$$$$$$$$$$$$$$       testcase1   $$$$$$$$$$$$$$$$$$$$$$$$$ 
2017-09-22 15:21:16,369 INFO [Log] ************************************************************************** 
2017-09-22 15:21:16,690 INFO [Log] Excel sheet opened 
2017-09-22 15:21:16,690 INFO [Log] Total number of Row used return as < 1 >. 
2017-09-22 15:21:19,080 INFO [Log] New driver instantiated 
2017-09-22 15:21:19,084 INFO [Log] Implicit wait applied on the driver for 10 seconds 
2017-09-22 15:21:27,661 INFO [Log] Web application launched successfully 
2017-09-22 15:21:27,710 INFO [Log] SignIn Hover button is found on the Home Page 
2017-09-22 15:21:28,562 INFO [Log] Click action is performed on the sign in 
2017-09-22 15:21:28,589 INFO [Log] Username text box is found on the Login Page 
2017-09-22 15:21:28,714 INFO [Log] adaikalarajd@gmail.com is entered in UserName text box 
2017-09-22 15:21:28,730 INFO [Log] Password text box is found on the Login page 
2017-09-22 15:21:28,794 INFO [Log] adaikal123 is entered in Password text box 
2017-09-22 15:21:28,811 INFO [Log] Submit button is found on the Login page 
2017-09-22 15:21:33,343 INFO [Log] Click action is performed on Submit button 
2017-09-22 15:21:33,380 INFO [Log] Logged in link displayed 
2017-09-22 15:21:33,940 INFO [Log] ***********      -E---N---D-       *********** 
2017-09-22 15:21:33,940 INFO [Log] X 
2017-09-22 15:21:33,941 INFO [Log] X 
2017-09-22 15:21:33,941 INFO [Log] X 
2017-09-22 15:21:33,941 INFO [Log] X 
